<?xml version="1.0" encoding="UTF-8"?>
<!-- Generated by org.testng.reporters.JUnitReportReporter -->
<testsuite hostname="DESKTOP-NSOEI1P" failures="0" tests="2" name="test.java.Lab7DemoTest" time="104.004" errors="0" timestamp="2023-07-06T21:52:30 ICT" skipped="0">
  <testcase classname="test.java.Lab7DemoTest" name="TC01_LoginFirstAccount" time="54.039"/>
  <testcase classname="test.java.Lab7DemoTest" name="TC02_LoginSecondAccount" time="49.965"/>
</testsuite> <!-- test.java.Lab7DemoTest -->
