<?xml version="1.0" encoding="UTF-8"?>
<!-- Generated by org.testng.reporters.JUnitReportReporter -->
<testsuite hostname="DESKTOP-NSOEI1P" failures="0" tests="1" name="lab5.google.testcase.TC001_google" time="3.605" errors="0" timestamp="2023-07-24T21:29:03 ICT" skipped="0">
  <testcase classname="lab5.google.testcase.TC001_google" name="TC001_GoogleSeach" time="3.605"/>
</testsuite> <!-- lab5.google.testcase.TC001_google -->
