<?xml version="1.0" encoding="UTF-8"?>
<!-- Generated by org.testng.reporters.JUnitReportReporter -->
<testsuite hostname="DESKTOP-NSOEI1P" failures="0" tests="1" name="lab5.google.testcase.TC001_google" time="44.446" errors="0" timestamp="2023-06-29T15:40:46 ICT" skipped="0">
  <testcase classname="lab5.google.testcase.TC001_google" name="TC001Seach" time="44.446"/>
</testsuite> <!-- lab5.google.testcase.TC001_google -->
