<?xml version="1.0" encoding="UTF-8"?>
<!-- Generated by org.testng.reporters.JUnitReportReporter -->
<testsuite hostname="DESKTOP-NSOEI1P" failures="0" tests="7" name="com.automation.testcase.TC_LoginTest" time="138.613" errors="0" timestamp="2023-07-10T21:01:27 ICT" skipped="0">
  <testcase classname="com.automation.testcase.TC_LoginTest" name="TC01_LoginFirstAccount" time="23.593"/>
  <testcase classname="com.automation.testcase.TC_LoginTest" name="TC01_LoginFirstAccount" time="18.139"/>
  <testcase classname="com.automation.testcase.TC_LoginTest" name="TC01_LoginFirstAccount" time="16.351"/>
  <testcase classname="com.automation.testcase.TC_LoginTest" name="TC01_LoginFirstAccount" time="22.511"/>
  <testcase classname="com.automation.testcase.TC_LoginTest" name="TC01_LoginFirstAccount" time="18.018"/>
  <testcase classname="com.automation.testcase.TC_LoginTest" name="TC01_LoginFirstAccount" time="18.944"/>
  <testcase classname="com.automation.testcase.TC_LoginTest" name="TC01_LoginFirstAccount" time="21.057"/>
</testsuite> <!-- com.automation.testcase.TC_LoginTest -->
