<?xml version="1.0" encoding="UTF-8"?>
<!-- Generated by org.testng.reporters.JUnitReportReporter -->
<testsuite hostname="DESKTOP-NSOEI1P" failures="0" tests="7" name="lab_8.testcase.Example1Test" time="0.209" errors="0" timestamp="2023-07-12T20:58:07 ICT" skipped="0">
  <testcase classname="lab_8.testcase.Example1Test" name="T01_StatusCodeTest" time="0.004"/>
  <system-out/>
  <testcase classname="lab_8.testcase.Example1Test" name="T05_EmailChecked" time="0.000"/>
  <system-out/>
  <testcase classname="lab_8.testcase.Example1Test" name="T03_EmailChecked" time="0.001"/>
  <system-out/>
  <testcase classname="lab_8.testcase.Example1Test" name="T06_AvatarChecked" time="0.001"/>
  <system-out/>
  <testcase classname="lab_8.testcase.Example1Test" name="T04_EmailChecked" time="0.000"/>
  <system-out/>
  <testcase classname="lab_8.testcase.Example1Test" name="T02_IdChecked" time="0.001"/>
  <system-out/>
  <testcase classname="lab_8.testcase.Example1Test" name="T07_Compare_id" time="0.202"/>
  <system-out/>
</testsuite> <!-- lab_8.testcase.Example1Test -->
